The ``7-base_geometry`` module
===============================

Using ``BaseGeometry``
----------------------

Import the class:
    >>> BaseGeometry = __import__('7-base_geometry').BaseGeometry
    >>> bg = BaseGeometry()

Test integer_validator with valid positive integers:
    >>> bg.integer_validator("my_int", 12)
    >>> bg.integer_validator("width", 89)
    >>> bg.integer_validator("height", 1)

Test with string:
    >>> bg.integer_validator("name", "John")
    Traceback (most recent call last):
    TypeError: name must be an integer

Test with zero:
    >>> bg.integer_validator("age", 0)
    Traceback (most recent call last):
    ValueError: age must be greater than 0

Test with negative:
    >>> bg.integer_validator("distance", -4)
    Traceback (most recent call last):
    ValueError: distance must be greater than 0

Test area method:
    >>> bg.area()
    Traceback (most recent call last):
    Exception: area() is not implemented

Test with boolean:
    >>> bg.integer_validator("flag", True)
    Traceback (most recent call last):
    TypeError: flag must be an integer

Test with float:
    >>> bg.integer_validator("price", 3.14)
    Traceback (most recent call last):
    TypeError: price must be an integer

Test with None:
    >>> bg.integer_validator("value", None)
    Traceback (most recent call last):
    TypeError: value must be an integer

Test with list:
    >>> bg.integer_validator("numbers", [1, 2, 3])
    Traceback (most recent call last):
    TypeError: numbers must be an integer

Test with tuple:
    >>> bg.integer_validator("point", (1, 2))
    Traceback (most recent call last):
    TypeError: point must be an integer

Test with dict:
    >>> bg.integer_validator("data", {"key": "value"})
    Traceback (most recent call last):
    TypeError: data must be an integer

Test with set:
    >>> bg.integer_validator("age", {3, 4})
    Traceback (most recent call last):
    TypeError: age must be an integer

Test missing argument:
    >>> bg.integer_validator("test")
    Traceback (most recent call last):
    TypeError: integer_validator() missing 1 required positional argument: 'value'

Test no arguments:
    >>> bg.integer_validator()
    Traceback (most recent call last):
    TypeError: integer_validator() missing 2 required positional arguments: 'name' and 'value'
